Access to controller Home
Access to controller Home
Access to controller Home

Access to controller Home
Home
2021-11-17 10:34:09 - Access to controller Home
Home
2021-11-17 11:13:47 - Access to controller Home
Home
2021-11-17 11:20:55 - Access to controller Home
Home
2021-11-17 11:22:15 - Access to controller Home
Home
2021-11-17 11:40:58 - Access to controller Home
Home
2021-11-17 15:37:39 - Access to controller Home
Home
2021-11-17 15:41:39 - Access to controller Home
Home
2021-11-18 09:22:47 - Access to controller Home
Home
2021-11-18 09:22:52 - Access to controller Home
Home
2021-11-18 09:22:54 - Access to controller Home
Home
2021-11-18 09:22:56 - Access to controller Home
Home
2021-11-18 09:22:58 - Access to controller Home
Home
2021-11-18 09:24:21 - Access to controller Home
Home
2021-11-18 09:24:23 - Access to controller Home
Home
2021-11-18 10:17:46 - Access to controller Home
Home
2021-11-18 10:18:16 - Access to controller Home
Home
2021-11-18 10:18:38 - Access to controller Home
Home
2021-11-18 10:18:40 - Access to controller Home
Home
2021-11-18 10:21:55 - Access to controller Home
Home
2021-11-18 10:22:36 - Access to controller Home
Home
2021-11-18 10:23:50 - Access to controller Home
Home
2021-11-18 10:29:45 - Access to controller Home
Home
2021-11-18 10:29:46 - Access to controller Home
Home
2021-11-18 10:29:47 - Access to controller Home
Home
2021-11-18 10:30:09 - Access to controller Home
Home
2021-11-18 10:30:10 - Access to controller Home
Home
2021-11-18 10:31:32 - Access to controller Home
Home
2021-11-18 10:42:56 - Access to controller Home
Home
2021-11-18 10:43:09 - Access to controller Home
Home
2021-11-18 13:08:29 - Controller found 'src\Controller\Home' for path /home
2021-11-18 13:08:31 - Controller found 'src\Controller\Home' for path /home
2021-11-18 13:08:32 - Controller found 'src\Controller\Info' for path /info
2021-11-18 13:08:33 - Controller found 'src\Controller\Query' for path /query
2021-11-18 13:10:05 - Controller found 'src\Controller\Query' for path /query
2021-11-18 13:10:12 - Controller found 'src\Controller\Query' for path /query
2021-11-18 13:10:15 - Controller found 'src\Controller\Form' for path /form
2021-11-18 13:10:19 - Controller found 'src\Controller\DeleteMood' for path /deleteMood
2021-11-18 13:10:19 - Controller found 'src\Controller\Form' for path /form
2021-11-18 13:10:21 - Controller found 'src\Controller\Pasdaccord' for path /pasdaccord
2021-11-18 13:10:57 - Controller found 'src\Controller\Pasdaccord' for path /pasdaccord
2021-11-18 13:11:11 - Controller found 'src\Controller\Pasdaccord' for path /pasdaccord
2021-11-18 13:11:12 - Controller found 'src\Controller\Pasdaccord' for path /pasdaccord
2021-11-18 13:11:14 - Controller found 'src\Controller\Pasdaccord' for path /pasdaccord
2021-11-18 13:12:27 - Controller found 'src\Controller\Pasdaccord' for path /pasdaccord
2021-11-18 13:12:52 - Controller found 'src\Controller\Pasdaccord' for path /pasdaccord
2021-11-18 13:12:58 - Controller found 'src\Controller\Pasdaccord' for path /pasdaccord
2021-11-18 13:13:04 - Controller found 'src\Controller\Pasdaccord' for path /pasdaccord
2021-11-18 13:13:05 - Controller found 'src\Controller\Form' for path /form
2021-11-18 13:13:05 - Controller found 'src\Controller\Query' for path /query
2021-11-18 13:13:06 - Controller found 'src\Controller\Info' for path /info
2021-11-18 13:13:07 - Controller found 'src\Controller\Home' for path /home
2021-11-18 13:13:08 - Controller found 'src\Controller\Info' for path /info
2021-11-18 13:24:21 - Controller found 'src\Controller\Register' for path /register
2021-11-18 13:24:29 - Controller found 'src\Controller\Register' for path /register
2021-11-18 13:25:28 - Controller found 'src\Controller\Register' for path /register
2021-11-18 13:25:56 - Controller found 'src\Controller\Register' for path /register
2021-11-18 13:28:00 - Controller found 'src\Controller\Register' for path /register
2021-11-18 13:28:07 - Controller found 'src\Controller\Register' for path /register
2021-11-18 13:29:11 - Controller found 'src\Controller\Register' for path /register
2021-11-18 13:29:19 - Controller found 'src\Controller\Register' for path /register
2021-11-18 13:29:27 - Controller found 'src\Controller\Register' for path /register
2021-11-18 13:31:38 - Controller found 'src\Controller\Register' for path /register
2021-11-18 13:31:38 - Controller found 'src\Controller\Register' for path /register
2021-11-18 13:31:38 - Controller found 'src\Controller\Register' for path /register
2021-11-18 13:31:38 - Controller found 'src\Controller\Register' for path /register
2021-11-18 13:31:38 - Controller found 'src\Controller\Register' for path /register
2021-11-18 13:31:38 - Controller found 'src\Controller\Register' for path /register
2021-11-18 13:31:38 - Controller found 'src\Controller\Register' for path /register
2021-11-18 13:31:38 - Controller found 'src\Controller\Register' for path /register
2021-11-18 13:31:38 - Controller found 'src\Controller\Register' for path /register
2021-11-18 13:31:38 - Controller found 'src\Controller\Register' for path /register
2021-11-18 13:31:38 - Controller found 'src\Controller\Register' for path /register
2021-11-18 13:31:38 - Controller found 'src\Controller\Register' for path /register
2021-11-18 13:31:38 - Controller found 'src\Controller\Register' for path /register
2021-11-18 13:31:38 - Controller found 'src\Controller\Register' for path /register
2021-11-18 13:31:38 - Controller found 'src\Controller\Register' for path /register
2021-11-18 13:31:38 - Controller found 'src\Controller\Register' for path /register
2021-11-18 13:31:38 - Controller found 'src\Controller\Register' for path /register
2021-11-18 13:31:38 - Controller found 'src\Controller\Register' for path /register
2021-11-18 13:31:38 - Controller found 'src\Controller\Register' for path /register
2021-11-18 13:31:38 - Controller found 'src\Controller\Register' for path /register
2021-11-18 13:31:38 - Controller found 'src\Controller\Register' for path /register
2021-11-18 13:31:42 - Controller found 'src\Controller\Home' for path /home
2021-11-18 13:31:47 - Controller found 'src\Controller\Register' for path /register
2021-11-18 13:31:47 - Controller found 'src\Controller\Register' for path /register
2021-11-18 13:31:47 - Controller found 'src\Controller\Register' for path /register
2021-11-18 13:31:47 - Controller found 'src\Controller\Register' for path /register
2021-11-18 13:31:47 - Controller found 'src\Controller\Register' for path /register
2021-11-18 13:31:47 - Controller found 'src\Controller\Register' for path /register
2021-11-18 13:31:47 - Controller found 'src\Controller\Register' for path /register
2021-11-18 13:31:47 - Controller found 'src\Controller\Register' for path /register
2021-11-18 13:31:47 - Controller found 'src\Controller\Register' for path /register
2021-11-18 13:31:47 - Controller found 'src\Controller\Register' for path /register
2021-11-18 13:31:47 - Controller found 'src\Controller\Register' for path /register
2021-11-18 13:31:47 - Controller found 'src\Controller\Register' for path /register
2021-11-18 13:31:47 - Controller found 'src\Controller\Register' for path /register
2021-11-18 13:31:47 - Controller found 'src\Controller\Register' for path /register
2021-11-18 13:31:47 - Controller found 'src\Controller\Register' for path /register
2021-11-18 13:31:47 - Controller found 'src\Controller\Register' for path /register
2021-11-18 13:31:47 - Controller found 'src\Controller\Register' for path /register
2021-11-18 13:31:47 - Controller found 'src\Controller\Register' for path /register
2021-11-18 13:31:47 - Controller found 'src\Controller\Register' for path /register
2021-11-18 13:31:47 - Controller found 'src\Controller\Register' for path /register
2021-11-18 13:31:47 - Controller found 'src\Controller\Register' for path /register
2021-11-18 13:32:00 - Controller found 'src\Controller\Register' for path /register
2021-11-18 13:32:00 - Controller found 'src\Controller\Home' for path /home
2021-11-18 13:32:09 - Controller found 'src\Controller\Register' for path /register
2021-11-18 13:32:09 - Controller found 'src\Controller\Home' for path /home
2021-11-18 13:32:25 - Controller found 'src\Controller\Register' for path /register
2021-11-18 13:32:31 - Controller found 'src\Controller\Register' for path /register
2021-11-18 13:38:09 - Controller found 'src\Controller\Login' for path /login
2021-11-18 13:38:17 - Controller found 'src\Controller\Login' for path /login
2021-11-18 13:38:18 - Controller found 'src\Controller\Login' for path /login
2021-11-18 13:38:33 - Controller found 'src\Controller\Login' for path /login
2021-11-18 13:38:56 - Controller found 'src\Controller\Register' for path /register
2021-11-18 13:39:40 - Controller found 'src\Controller\Register' for path /register
2021-11-18 13:39:44 - Controller found 'src\Controller\Register' for path /register
2021-11-18 13:39:46 - Controller found 'src\Controller\Register' for path /register
2021-11-18 13:39:50 - Controller found 'src\Controller\Register' for path /register
2021-11-18 13:41:09 - Controller found 'src\Controller\Register' for path /register
2021-11-18 13:41:13 - Controller found 'src\Controller\Register' for path /register
2021-11-18 13:41:49 - Controller found 'src\Controller\Register' for path /register
2021-11-18 13:41:55 - Controller found 'src\Controller\Register' for path /register
2021-11-18 13:44:08 - Controller found 'src\Controller\Register' for path /register
2021-11-18 13:44:12 - Controller found 'src\Controller\Register' for path /register
2021-11-18 13:45:16 - Controller found 'src\Controller\Register' for path /register
2021-11-18 13:45:21 - Controller found 'src\Controller\Register' for path /register
2021-11-18 13:45:26 - Controller found 'src\Controller\Register' for path /register
2021-11-18 13:46:32 - Controller found 'src\Controller\Home' for path /home
2021-11-18 13:46:36 - Controller found 'src\Controller\Register' for path /register
2021-11-18 13:46:38 - Controller found 'src\Controller\Register' for path /register
2021-11-18 13:47:35 - Controller found 'src\Controller\Register' for path /register
2021-11-18 13:48:01 - Controller found 'src\Controller\Register' for path /register
2021-11-18 13:48:01 - Controller found 'src\Controller\Login' for path /login
2021-11-18 13:48:08 - Controller found 'src\Controller\Register' for path /register
2021-11-18 13:48:20 - Controller found 'src\Controller\Register' for path /register
2021-11-18 13:48:20 - Controller found 'src\Controller\Login' for path /login
2021-11-18 13:49:03 - Controller found 'src\Controller\Login' for path /login
2021-11-18 13:49:08 - Controller found 'src\Controller\Login' for path /login
2021-11-18 13:49:15 - Controller found 'src\Controller\Login' for path /login
2021-11-18 13:49:38 - Controller found 'src\Controller\Login' for path /login
2021-11-18 13:49:40 - Controller found 'src\Controller\Login' for path /login
2021-11-18 13:50:42 - Controller found 'src\Controller\Login' for path /login
2021-11-18 13:50:44 - Controller found 'src\Controller\Login' for path /login
2021-11-18 13:50:46 - Controller found 'src\Controller\Login' for path /login
2021-11-18 13:51:20 - Controller found 'src\Controller\Login' for path /login
2021-11-18 13:51:22 - Controller found 'src\Controller\Login' for path /login
2021-11-18 13:51:27 - Controller found 'src\Controller\Login' for path /login
2021-11-18 13:52:32 - Controller found 'src\Controller\Login' for path /login
2021-11-18 13:52:36 - Controller found 'src\Controller\Login' for path /login
2021-11-18 13:52:55 - Controller found 'src\Controller\Login' for path /login
2021-11-18 13:52:56 - Controller found 'src\Controller\Login' for path /login
2021-11-18 13:52:58 - Controller found 'src\Controller\Login' for path /login
2021-11-18 13:53:02 - Controller found 'src\Controller\Register' for path /register
2021-11-18 13:53:09 - Controller found 'src\Controller\Register' for path /register
2021-11-18 13:53:09 - Controller found 'src\Controller\Login' for path /login
2021-11-18 13:53:19 - Controller found 'src\Controller\Login' for path /login
2021-11-18 13:53:35 - Controller found 'src\Controller\Register' for path /register
2021-11-18 13:54:10 - Controller found 'src\Controller\Register' for path /register
2021-11-18 13:54:11 - Controller found 'src\Controller\Login' for path /login
2021-11-18 13:54:16 - Controller found 'src\Controller\Login' for path /login
2021-11-18 13:54:50 - Controller found 'src\Controller\Login' for path /login
2021-11-18 13:55:15 - Controller found 'src\Controller\Login' for path /login
2021-11-18 13:55:38 - Controller found 'src\Controller\Login' for path /login
2021-11-18 13:55:56 - Controller found 'src\Controller\Login' for path /login
2021-11-18 13:59:17 - Controller found 'src\Controller\Login' for path /login
2021-11-18 13:59:50 - Controller found 'src\Controller\Login' for path /login
2021-11-18 13:59:53 - Controller found 'src\Controller\Login' for path /login
2021-11-18 13:59:54 - Controller found 'src\Controller\Login' for path /login
2021-11-18 14:00:12 - Controller found 'src\Controller\Register' for path /register
2021-11-18 14:00:50 - Controller found 'src\Controller\Register' for path /register
2021-11-18 14:00:52 - Controller found 'src\Controller\Register' for path /register
2021-11-18 14:01:13 - Controller found 'src\Controller\Register' for path /register
2021-11-18 14:01:16 - Controller found 'src\Controller\Register' for path /register
2021-11-18 14:01:22 - Controller found 'src\Controller\Register' for path /register
2021-11-18 14:02:34 - Controller found 'src\Controller\Register' for path /register
2021-11-18 14:02:34 - Controller found 'src\Controller\Login' for path /login
2021-11-18 14:03:28 - Controller found 'src\Controller\Login' for path /login
2021-11-18 14:03:58 - Controller found 'src\Controller\Login' for path /login
2021-11-18 14:04:36 - Controller found 'src\Controller\Login' for path /login
2021-11-18 14:04:42 - Controller found 'src\Controller\Login' for path /login
2021-11-18 14:04:55 - Controller found 'src\Controller\Login' for path /login
2021-11-18 14:05:43 - Controller found 'src\Controller\Login' for path /login
2021-11-18 14:06:08 - Controller found 'src\Controller\Login' for path /login
2021-11-18 14:06:35 - Controller found 'src\Controller\Login' for path /login
2021-11-18 14:06:46 - Controller found 'src\Controller\Login' for path /login
2021-11-18 14:06:56 - Controller found 'src\Controller\Login' for path /login
2021-11-18 14:07:14 - Controller found 'src\Controller\Login' for path /login
2021-11-18 14:08:15 - Controller found 'src\Controller\Login' for path /login
2021-11-18 14:08:47 - Controller found 'src\Controller\Login' for path /login
2021-11-18 14:08:50 - Controller found 'src\Controller\Login' for path /login
2021-11-18 14:09:05 - Controller found 'src\Controller\Register' for path /register
2021-11-18 14:09:11 - Controller found 'src\Controller\Register' for path /register
2021-11-18 14:09:11 - Controller found 'src\Controller\Login' for path /login
2021-11-18 14:10:29 - Controller found 'src\Controller\Login' for path /login
2021-11-18 14:11:34 - Controller found 'src\Controller\Login' for path /login
2021-11-18 14:14:41 - Controller found 'src\Controller\Login' for path /login
2021-11-18 14:18:48 - Controller found 'src\Controller\Login' for path /login
2021-11-18 14:22:02 - Controller found 'src\Controller\Login' for path /login
2021-11-18 14:22:16 - Controller found 'src\Controller\Login' for path /login
2021-11-18 14:22:34 - Controller found 'src\Controller\Login' for path /login
2021-11-18 14:22:41 - Controller found 'src\Controller\Login' for path /login
2021-11-18 14:22:46 - Controller found 'src\Controller\Login' for path /login
2021-11-18 14:22:51 - Controller found 'src\Controller\Login' for path /login
2021-11-18 14:22:56 - Controller found 'src\Controller\Login' for path /login
2021-11-18 14:23:54 - Controller found 'src\Controller\Login' for path /login
2021-11-18 14:23:58 - Controller found 'src\Controller\Login' for path /login
2021-11-18 14:24:01 - Controller found 'src\Controller\Login' for path /login
2021-11-18 14:24:18 - Controller found 'src\Controller\Login' for path /login
2021-11-18 14:24:22 - Controller found 'src\Controller\Login' for path /login
2021-11-18 14:24:27 - Controller found 'src\Controller\Login' for path /login
2021-11-18 14:25:54 - Controller found 'src\Controller\Login' for path /login
2021-11-18 14:26:27 - Controller found 'src\Controller\Login' for path /login
2021-11-18 14:26:34 - Controller found 'src\Controller\Login' for path /login
2021-11-18 14:26:48 - Controller found 'src\Controller\Login' for path /login
2021-11-18 14:27:22 - Controller found 'src\Controller\Login' for path /login
2021-11-18 14:27:51 - Controller found 'src\Controller\Login' for path /login
2021-11-18 14:28:20 - Controller found 'src\Controller\Login' for path /login
2021-11-18 14:28:22 - Controller found 'src\Controller\Login' for path /login
2021-11-18 14:28:30 - Controller found 'src\Controller\Login' for path /login
2021-11-18 14:28:33 - Controller found 'src\Controller\Login' for path /login
2021-11-18 14:29:07 - Controller found 'src\Controller\Login' for path /login
2021-11-18 14:29:10 - Controller found 'src\Controller\Login' for path /login
2021-11-18 14:29:14 - Controller found 'src\Controller\Login' for path /login
2021-11-18 14:29:29 - Controller found 'src\Controller\Login' for path /login
2021-11-18 14:30:56 - Controller found 'src\Controller\Login' for path /login
2021-11-18 14:30:59 - Controller found 'src\Controller\Pasdaccord' for path /pasdaccord
2021-11-18 14:31:58 - Controller found 'src\Controller\Pasdaccord' for path /pasdaccord
2021-11-18 14:32:01 - Controller found 'src\Controller\Pasdaccord' for path /pasdaccord
2021-11-18 14:33:04 - Controller found 'src\Controller\Pasdaccord' for path /pasdaccord
2021-11-18 14:33:21 - Controller found 'src\Controller\Pasdaccord' for path /pasdaccord
2021-11-18 14:34:24 - Controller found 'src\Controller\Pasdaccord' for path /pasdaccord
2021-11-18 14:35:29 - Controller found 'src\Controller\Pasdaccord' for path /pasdaccord
2021-11-18 14:35:49 - Controller found 'src\Controller\Pasdaccord' for path /pasdaccord
2021-11-18 14:35:53 - Controller found 'src\Controller\Register' for path /register
2021-11-18 14:39:11 - Controller found 'src\Controller\Info' for path /info
2021-11-18 14:39:12 - Controller found 'src\Controller\Query' for path /query
2021-11-18 14:39:17 - Controller found 'src\Controller\Query' for path /query
2021-11-18 14:39:31 - Controller found 'src\Controller\Query' for path /query
2021-11-18 14:39:35 - Controller found 'src\Controller\Query' for path /query
2021-11-18 14:39:36 - Controller found 'src\Controller\Info' for path /info
2021-11-18 14:39:38 - Controller found 'src\Controller\Home' for path /home
2021-11-18 14:40:16 - Controller found 'src\Controller\Home' for path /home
2021-11-18 14:40:19 - Controller found 'src\Controller\Info' for path /info
2021-11-18 14:40:21 - Controller found 'src\Controller\Info' for path /info
2021-11-18 14:40:22 - Controller found 'src\Controller\Query' for path /query
2021-11-18 14:40:23 - Controller found 'src\Controller\Query' for path /query
2021-11-18 14:40:24 - Controller found 'src\Controller\Info' for path /info
2021-11-18 14:41:10 - Controller found 'src\Controller\Info' for path /info
2021-11-18 14:41:14 - Controller found 'src\Controller\Info' for path /info
2021-11-18 14:41:15 - Controller found 'src\Controller\Query' for path /query
2021-11-18 14:41:16 - Controller found 'src\Controller\Info' for path /info
2021-11-18 14:41:55 - Controller found 'src\Controller\Query' for path /query
2021-11-18 14:41:56 - Controller found 'src\Controller\Query' for path /query
2021-11-18 14:42:38 - Controller found 'src\Controller\Info' for path /info
2021-11-18 14:42:38 - Controller found 'src\Controller\Login' for path /login
2021-11-18 14:42:39 - Controller found 'src\Controller\Info' for path /info
2021-11-18 14:42:39 - Controller found 'src\Controller\Login' for path /login
2021-11-18 14:42:59 - Controller found 'src\Controller\Login' for path /login
2021-11-18 14:43:00 - Controller found 'src\Controller\Query' for path /query
2021-11-18 14:43:00 - Controller found 'src\Controller\Login' for path /login
2021-11-18 14:43:01 - Controller found 'src\Controller\Home' for path /home
2021-11-18 14:43:02 - Controller found 'src\Controller\Info' for path /info
2021-11-18 14:43:02 - Controller found 'src\Controller\Login' for path /login
2021-11-18 14:43:03 - Controller found 'src\Controller\Query' for path /query
2021-11-18 14:43:03 - Controller found 'src\Controller\Login' for path /login
2021-11-18 14:43:04 - Controller found 'src\Controller\Form' for path /form
2021-11-18 14:43:39 - Controller found 'src\Controller\Form' for path /form
2021-11-18 14:44:57 - Controller found 'src\Controller\Form' for path /form
2021-11-18 14:45:01 - Controller found 'src\Controller\Form' for path /form
2021-11-18 14:45:05 - Controller found 'src\Controller\Form' for path /form
2021-11-18 14:45:07 - Controller found 'src\Controller\Pasdaccord' for path /pasdaccord
2021-11-18 14:45:11 - Controller found 'src\Controller\Pasdaccord' for path /pasdaccord
2021-11-18 14:45:13 - Controller found 'src\Controller\Query' for path /query
2021-11-18 14:45:13 - Controller found 'src\Controller\Login' for path /login
2021-11-18 14:45:14 - Controller found 'src\Controller\Info' for path /info
2021-11-18 14:45:14 - Controller found 'src\Controller\Login' for path /login
2021-11-18 14:45:16 - Controller found 'src\Controller\Query' for path /query
2021-11-18 14:45:16 - Controller found 'src\Controller\Login' for path /login
2021-11-18 14:45:19 - Controller found 'src\Controller\Login' for path /login
2021-11-18 14:45:25 - Controller found 'src\Controller\Login' for path /login
2021-11-18 14:45:29 - Controller found 'src\Controller\Register' for path /register
2021-11-18 14:45:34 - Controller found 'src\Controller\Register' for path /register
2021-11-18 14:45:34 - Controller found 'src\Controller\Login' for path /login
2021-11-18 14:45:36 - Controller found 'src\Controller\Login' for path /login
2021-11-18 14:45:39 - Controller found 'src\Controller\Info' for path /info
2021-11-18 14:45:40 - Controller found 'src\Controller\Query' for path /query
2021-11-18 14:45:41 - Controller found 'src\Controller\Info' for path /info
2021-11-18 14:47:26 - Controller found 'src\Controller\Info' for path /info
2021-11-18 14:47:36 - Controller found 'src\Controller\Info' for path /info
2021-11-18 14:47:38 - Controller found 'src\Controller\Register' for path /register
2021-11-18 14:47:39 - Controller found 'src\Controller\Login' for path /login
2021-11-18 14:47:40 - Controller found 'src\Controller\Register' for path /register
2021-11-18 14:56:48 - Controller found 'src\Controller\Register' for path /register
2021-11-18 14:56:51 - Controller found 'src\Controller\Register' for path /register
2021-11-18 14:56:51 - Controller found 'src\Controller\Form' for path /form
2021-11-18 14:56:53 - Controller found 'src\Controller\Query' for path /query
2021-11-18 14:56:54 - Controller found 'src\Controller\Form' for path /form
2021-11-18 14:57:07 - Controller found 'src\Controller\Form' for path /form
2021-11-18 14:57:09 - Controller found 'src\Controller\Query' for path /query
2021-11-18 14:57:09 - Controller found 'src\Controller\Login' for path /login
2021-11-18 14:57:09 - Controller found 'src\Controller\Info' for path /info
2021-11-18 14:57:10 - Controller found 'src\Controller\Login' for path /login
2021-11-18 14:57:11 - Controller found 'src\Controller\Register' for path /register
2021-11-18 14:57:12 - Controller found 'src\Controller\Login' for path /login
2021-11-18 14:57:13 - Controller found 'src\Controller\Query' for path /query
2021-11-18 14:57:13 - Controller found 'src\Controller\Login' for path /login
2021-11-18 14:57:13 - Controller found 'src\Controller\Info' for path /info
2021-11-18 14:57:13 - Controller found 'src\Controller\Login' for path /login
2021-11-18 14:57:17 - Controller found 'src\Controller\Login' for path /login
2021-11-18 14:57:18 - Controller found 'src\Controller\Query' for path /query
2021-11-18 14:57:19 - Controller found 'src\Controller\Info' for path /info
2021-11-18 14:57:20 - Controller found 'src\Controller\Home' for path /home
2021-11-18 14:57:21 - Controller found 'src\Controller\Info' for path /info
2021-11-18 14:57:22 - Controller found 'src\Controller\Query' for path /query
2021-11-18 15:10:56 - Controller found 'src\Controller\Pasdaccord' for path /pasdaccord
2021-11-18 15:11:25 - Controller found 'src\Controller\Pasdaccord' for path /pasdaccord
2021-11-18 15:11:29 - Controller found 'src\Controller\Pasdaccord' for path /pasdaccord
2021-11-18 15:11:32 - Controller found 'src\Controller\Pasdaccord' for path /pasdaccord
2021-11-18 15:11:56 - Controller found 'src\Controller\Pasdaccord' for path /pasdaccord
2021-11-18 15:12:11 - Controller found 'src\Controller\Pasdaccord' for path /pasdaccord
2021-11-18 15:12:33 - Controller found 'src\Controller\Pasdaccord' for path /pasdaccord
2021-11-18 15:16:46 - Controller found 'src\Controller\Logout' for path /logout
2021-11-18 15:16:46 - Controller found 'src\Controller\Login' for path /login
2021-11-18 15:16:48 - Controller found 'src\Controller\Query' for path /query
2021-11-18 15:16:48 - Controller found 'src\Controller\Login' for path /login
2021-11-18 15:16:49 - Controller found 'src\Controller\Query' for path /query
2021-11-18 15:16:49 - Controller found 'src\Controller\Login' for path /login
2021-11-18 15:16:52 - Controller found 'src\Controller\Login' for path /login
2021-11-18 15:16:54 - Controller found 'src\Controller\Query' for path /query
2021-11-18 15:16:55 - Controller found 'src\Controller\Form' for path /form
2021-11-18 15:16:56 - Controller found 'src\Controller\Query' for path /query
2021-11-18 15:16:56 - Controller found 'src\Controller\Info' for path /info
2021-11-18 15:16:57 - Controller found 'src\Controller\Query' for path /query
2021-11-18 15:16:58 - Controller found 'src\Controller\Logout' for path /logout
2021-11-18 15:16:58 - Controller found 'src\Controller\Login' for path /login
2021-11-18 15:17:00 - Controller found 'src\Controller\Info' for path /info
2021-11-18 15:17:00 - Controller found 'src\Controller\Login' for path /login
2021-11-18 15:17:01 - Controller found 'src\Controller\Query' for path /query
2021-11-18 15:17:01 - Controller found 'src\Controller\Login' for path /login
2021-11-18 15:17:02 - Controller found 'src\Controller\Logout' for path /logout
2021-11-18 15:17:02 - Controller found 'src\Controller\Login' for path /login
2021-11-18 15:36:17 - Controller found 'src\Controller\Login' for path /login
2021-11-18 15:36:44 - Controller found 'src\Controller\Login' for path /login
2021-11-18 15:37:21 - Controller found 'src\Controller\Login' for path /login
2021-11-18 15:37:47 - Controller found 'src\Controller\Login' for path /login
2021-11-18 15:38:35 - Controller found 'src\Controller\Login' for path /login
2021-11-18 15:41:02 - Controller found 'src\Controller\Login' for path /login
2021-11-18 15:41:11 - Controller found 'src\Controller\Query' for path /query
2021-11-18 15:41:12 - Controller found 'src\Controller\Info' for path /info
2021-11-18 15:41:13 - Controller found 'src\Controller\Logout' for path /logout
2021-11-18 15:41:13 - Controller found 'src\Controller\Login' for path /login
2021-11-18 15:41:15 - Controller found 'src\Controller\Query' for path /query
2021-11-18 15:41:16 - Controller found 'src\Controller\Info' for path /info
2021-11-18 15:41:17 - Controller found 'src\Controller\Logout' for path /logout
2021-11-18 15:41:17 - Controller found 'src\Controller\Login' for path /login
2021-11-18 15:41:18 - Controller found 'src\Controller\Info' for path /info
2021-11-18 15:41:19 - Controller found 'src\Controller\Query' for path /query
2021-11-18 15:43:33 - Controller found 'src\Controller\Query' for path /query
2021-11-18 15:43:53 - Controller found 'src\Controller\Query' for path /query
2021-11-18 15:44:39 - Controller found 'src\Controller\Query' for path /query
2021-11-18 15:44:59 - Controller found 'src\Controller\Query' for path /query
2021-11-18 15:45:00 - Controller found 'src\Controller\Info' for path /info
2021-11-18 15:45:00 - Controller found 'src\Controller\Query' for path /query
2021-11-18 15:45:01 - Controller found 'src\Controller\Info' for path /info
2021-11-18 15:46:27 - Controller found 'src\Controller\Info' for path /info
2021-11-18 15:46:29 - Controller found 'src\Controller\Info' for path /info
2021-11-18 15:46:29 - Controller found 'src\Controller\Query' for path /query
2021-11-18 15:46:30 - Controller found 'src\Controller\Home' for path /home
2021-11-18 15:46:31 - Controller found 'src\Controller\Info' for path /info
2021-11-18 15:46:32 - Controller found 'src\Controller\Query' for path /query
2021-11-18 15:46:32 - Controller found 'src\Controller\Form' for path /form
2021-11-18 15:46:34 - Controller found 'src\Controller\Home' for path /home
2021-11-18 15:46:35 - Controller found 'src\Controller\Pasdaccord' for path /pasdaccord
2021-11-18 15:46:42 - Controller found 'src\Controller\Login' for path /login
2021-11-18 15:46:44 - Controller found 'src\Controller\Home' for path /home
2021-11-18 15:46:56 - Controller found 'src\Controller\Info' for path /info
2021-11-18 15:47:20 - Controller found 'src\Controller\Info' for path /info
2021-11-18 15:47:22 - Controller found 'src\Controller\Query' for path /query
2021-11-18 15:47:23 - Controller found 'src\Controller\Info' for path /info
2021-11-18 15:47:23 - Controller found 'src\Controller\Query' for path /query
2021-11-18 15:49:47 - Controller found 'src\Controller\Query' for path /query
2021-11-18 15:50:04 - Controller found 'src\Controller\Query' for path /query
2021-11-18 15:50:06 - Controller found 'src\Controller\Login' for path /login
2021-11-18 15:50:09 - Controller found 'src\Controller\Login' for path /login
2021-11-18 15:50:11 - Controller found 'src\Controller\Query' for path /query
2021-11-18 15:50:12 - Controller found 'src\Controller\Info' for path /info
2021-11-18 15:50:13 - Controller found 'src\Controller\Query' for path /query
2021-11-18 15:50:14 - Controller found 'src\Controller\Login' for path /login
2021-11-18 15:50:16 - Controller found 'src\Controller\Logout' for path /logout
2021-11-18 15:50:16 - Controller found 'src\Controller\Login' for path /login
2021-11-18 15:50:19 - Controller found 'src\Controller\Register' for path /register
2021-11-18 15:50:20 - Controller found 'src\Controller\Pasdaccord' for path /pasdaccord
2021-11-18 15:50:40 - Controller found 'src\Controller\Pasdaccord' for path /pasdaccord
2021-11-18 15:50:41 - Controller found 'src\Controller\Form' for path /form
2021-11-18 15:50:42 - Controller found 'src\Controller\Query' for path /query
2021-11-18 15:50:43 - Controller found 'src\Controller\Home' for path /home
2021-11-18 15:50:45 - Controller found 'src\Controller\Info' for path /info
2021-11-18 15:50:45 - Controller found 'src\Controller\Query' for path /query
2021-11-18 15:50:46 - Controller found 'src\Controller\Form' for path /form
2021-11-18 15:50:47 - Controller found 'src\Controller\Pasdaccord' for path /pasdaccord
2021-11-18 15:50:48 - Controller found 'src\Controller\Register' for path /register
2021-11-18 15:50:49 - Controller found 'src\Controller\Login' for path /login
2021-11-18 15:50:50 - Controller found 'src\Controller\Logout' for path /logout
2021-11-18 15:50:50 - Controller found 'src\Controller\Login' for path /login
2021-11-18 15:50:51 - Controller found 'src\Controller\Login' for path /login
2021-11-18 15:50:51 - Controller found 'src\Controller\Form' for path /form
2021-11-18 15:50:53 - Controller found 'src\Controller\Login' for path /login
2021-11-18 15:50:55 - Controller found 'src\Controller\Login' for path /login
2021-11-18 15:50:56 - Controller found 'src\Controller\Register' for path /register
2021-11-18 15:50:57 - Controller found 'src\Controller\Pasdaccord' for path /pasdaccord
2021-11-18 15:50:57 - Controller found 'src\Controller\Form' for path /form
2021-11-18 15:50:58 - Controller found 'src\Controller\Query' for path /query
2021-11-18 15:53:53 - Controller found 'src\Controller\Query' for path /query
2021-11-18 15:53:55 - Controller found 'src\Controller\Query' for path /query
2021-11-18 15:53:55 - Controller found 'src\Controller\Info' for path /info
2021-11-18 15:53:56 - Controller found 'src\Controller\Logout' for path /logout
2021-11-18 15:54:32 - Controller found 'src\Controller\Login' for path /login
2021-11-18 15:54:34 - Controller found 'src\Controller\Query' for path /query
2021-11-18 15:54:34 - Controller found 'src\Controller\Info' for path /info
2021-11-18 15:54:35 - Controller found 'src\Controller\Query' for path /query
2021-11-18 15:54:37 - Controller found 'src\Controller\Logout' for path /logout
2021-11-18 15:54:37 - Controller found 'src\Controller\Login' for path /login
2021-11-18 15:54:38 - Controller found 'src\Controller\Info' for path /info
2021-11-18 15:54:38 - Controller found 'src\Controller\Query' for path /query
2021-11-18 15:54:40 - Controller found 'src\Controller\Form' for path /form
2021-11-18 15:54:41 - Controller found 'src\Controller\Login' for path /login
2021-11-18 15:54:44 - Controller found 'src\Controller\Login' for path /login
2021-11-18 15:54:46 - Controller found 'src\Controller\Query' for path /query
2021-11-18 15:54:47 - Controller found 'src\Controller\Info' for path /info
2021-11-18 15:54:48 - Controller found 'src\Controller\Logout' for path /logout
2021-11-18 15:54:48 - Controller found 'src\Controller\Login' for path /login
2021-11-18 15:54:49 - Controller found 'src\Controller\Info' for path /info
2021-11-18 15:54:50 - Controller found 'src\Controller\Query' for path /query
2021-11-18 15:54:51 - Controller found 'src\Controller\Info' for path /info
2021-11-18 15:56:02 - Controller found 'src\Controller\Info' for path /info
2021-11-18 15:56:03 - Controller found 'src\Controller\Query' for path /query
2021-11-18 15:56:04 - Controller found 'src\Controller\Info' for path /info
2021-11-18 15:56:05 - Controller found 'src\Controller\Logout' for path /logout
2021-11-18 15:56:05 - Controller found 'src\Controller\Login' for path /login
2021-11-18 15:56:06 - Controller found 'src\Controller\Info' for path /info
2021-11-18 15:56:07 - Controller found 'src\Controller\Info' for path /info
2021-11-18 15:56:07 - Controller found 'src\Controller\Info' for path /info
2021-11-18 15:56:07 - Controller found 'src\Controller\Info' for path /info
2021-11-18 15:56:08 - Controller found 'src\Controller\Query' for path /query
2021-11-18 15:56:08 - Controller found 'src\Controller\Info' for path /info
2021-11-18 15:56:09 - Controller found 'src\Controller\Query' for path /query
2021-11-18 15:56:10 - Controller found 'src\Controller\Info' for path /info
2021-11-18 15:56:11 - Controller found 'src\Controller\Query' for path /query
2021-11-18 15:56:20 - Controller found 'src\Controller\Query' for path /query
2021-11-18 15:56:21 - Controller found 'src\Controller\Info' for path /info
2021-11-18 15:56:34 - Controller found 'src\Controller\Info' for path /info
2021-11-18 15:56:36 - Controller found 'src\Controller\Query' for path /query
2021-11-18 15:56:36 - Controller found 'src\Controller\Info' for path /info
2021-11-18 15:56:37 - Controller found 'src\Controller\Query' for path /query
2021-11-18 15:56:38 - Controller found 'src\Controller\Info' for path /info
2021-11-18 15:58:52 - Controller found 'src\Controller\Info' for path /info
2021-11-18 15:59:00 - Controller found 'src\Controller\Info' for path /info
2021-11-18 15:59:00 - Controller found 'src\Controller\Query' for path /query
2021-11-18 15:59:01 - Controller found 'src\Controller\Logout' for path /logout
2021-11-18 15:59:01 - Controller found 'src\Controller\Login' for path /login
2021-11-18 15:59:02 - Controller found 'src\Controller\Info' for path /info
2021-11-18 15:59:03 - Controller found 'src\Controller\Query' for path /query
2021-11-18 15:59:03 - Controller found 'src\Controller\Info' for path /info
2021-11-18 15:59:04 - Controller found 'src\Controller\Home' for path /home
2021-11-18 15:59:05 - Controller found 'src\Controller\Info' for path /info
2021-11-18 15:59:05 - Controller found 'src\Controller\Query' for path /query
2021-11-18 16:00:50 - Controller found 'src\Controller\Query' for path /query
2021-11-18 16:00:52 - Controller found 'src\Controller\Query' for path /query
2021-11-18 16:00:52 - Controller found 'src\Controller\Info' for path /info
2021-11-18 16:00:53 - Controller found 'src\Controller\Query' for path /query
2021-11-18 16:00:54 - Controller found 'src\Controller\Info' for path /info
2021-11-18 16:00:54 - Controller found 'src\Controller\Query' for path /query
2021-11-18 16:00:55 - Controller found 'src\Controller\Logout' for path /logout
2021-11-18 16:00:55 - Controller found 'src\Controller\Login' for path /login
2021-11-18 16:00:56 - Controller found 'src\Controller\Info' for path /info
2021-11-18 16:00:57 - Controller found 'src\Controller\Query' for path /query
2021-11-18 16:00:57 - Controller found 'src\Controller\Info' for path /info
2021-11-18 16:00:58 - Controller found 'src\Controller\Logout' for path /logout
2021-11-18 16:00:58 - Controller found 'src\Controller\Login' for path /login
2021-11-18 16:00:58 - Controller found 'src\Controller\Logout' for path /logout
2021-11-18 16:00:58 - Controller found 'src\Controller\Login' for path /login
2021-11-18 16:00:58 - Controller found 'src\Controller\Logout' for path /logout
2021-11-18 16:00:58 - Controller found 'src\Controller\Login' for path /login
2021-11-18 16:00:59 - Controller found 'src\Controller\Logout' for path /logout
2021-11-18 16:00:59 - Controller found 'src\Controller\Login' for path /login
2021-11-18 16:01:00 - Controller found 'src\Controller\Query' for path /query
2021-11-18 16:01:00 - Controller found 'src\Controller\Info' for path /info
2021-11-18 16:01:01 - Controller found 'src\Controller\Query' for path /query
2021-11-18 16:01:05 - Controller found 'src\Controller\Query' for path /query
2021-11-18 16:01:13 - Controller found 'src\Controller\Query' for path /query
2021-11-18 16:01:15 - Controller found 'src\Controller\Query' for path /query
2021-11-18 16:01:16 - Controller found 'src\Controller\Info' for path /info
2021-11-18 16:01:17 - Controller found 'src\Controller\Home' for path /home
2021-11-18 16:01:18 - Controller found 'src\Controller\Pasdaccord' for path /pasdaccord
2021-11-18 16:01:21 - Controller found 'src\Controller\Pasdaccord' for path /pasdaccord
2021-11-18 16:01:22 - Controller found 'src\Controller\Login' for path /login
2021-11-18 16:01:25 - Controller found 'src\Controller\Login' for path /login
2021-11-18 16:01:26 - Controller found 'src\Controller\Pasdaccord' for path /pasdaccord
2021-11-18 16:01:28 - Controller found 'src\Controller\Pasdaccord' for path /pasdaccord
2021-11-18 16:01:29 - Controller found 'src\Controller\Query' for path /query
2021-11-18 16:01:30 - Controller found 'src\Controller\Info' for path /info
2021-11-18 16:01:31 - Controller found 'src\Controller\Home' for path /home
2021-11-18 16:02:11 - Controller found 'src\Controller\Home' for path /home
2021-11-18 16:02:39 - Controller found 'src\Controller\Home' for path /home
2021-11-18 16:02:40 - Controller found 'src\Controller\Query' for path /query
2021-11-18 16:02:41 - Controller found 'src\Controller\Info' for path /info
2021-11-18 16:02:41 - Controller found 'src\Controller\Query' for path /query
2021-11-18 16:04:24 - Controller found 'src\Controller\Query' for path /query
2021-11-18 16:04:26 - Controller found 'src\Controller\Query' for path /query
2021-11-18 16:04:27 - Controller found 'src\Controller\Info' for path /info
2021-11-18 16:04:27 - Controller found 'src\Controller\Form' for path /form
2021-11-18 16:04:28 - Controller found 'src\Controller\Query' for path /query
2021-11-18 16:04:28 - Controller found 'src\Controller\Info' for path /info
2021-11-18 16:07:16 - Controller found 'src\Controller\Info' for path /info
2021-11-18 16:07:18 - Controller found 'src\Controller\Query' for path /query
2021-11-18 16:07:19 - Controller found 'src\Controller\Info' for path /info
2021-11-18 16:07:19 - Controller found 'src\Controller\Home' for path /home
2021-11-18 16:07:20 - Controller found 'src\Controller\Info' for path /info
2021-11-18 16:07:21 - Controller found 'src\Controller\Query' for path /query
2021-11-18 16:07:21 - Controller found 'src\Controller\Form' for path /form
2021-11-18 16:07:22 - Controller found 'src\Controller\Pasdaccord' for path /pasdaccord
2021-11-18 16:07:24 - Controller found 'src\Controller\Login' for path /login
2021-11-18 16:07:27 - Controller found 'src\Controller\Login' for path /login
2021-11-18 16:07:28 - Controller found 'src\Controller\Query' for path /query
2021-11-18 16:07:28 - Controller found 'src\Controller\Info' for path /info
2021-11-18 16:07:29 - Controller found 'src\Controller\Logout' for path /logout
2021-11-18 16:07:30 - Controller found 'src\Controller\Login' for path /login
2021-11-18 16:07:33 - Controller found 'src\Controller\Login' for path /login
2021-11-18 16:07:35 - Controller found 'src\Controller\Login' for path /login
2021-11-18 16:07:37 - Controller found 'src\Controller\Pasdaccord' for path /pasdaccord
2021-11-18 16:07:39 - Controller found 'src\Controller\Query' for path /query
2021-11-18 16:07:39 - Controller found 'src\Controller\Info' for path /info
2021-11-18 16:07:40 - Controller found 'src\Controller\Home' for path /home
2021-11-18 16:07:41 - Controller found 'src\Controller\Login' for path /login
2021-11-18 16:07:47 - Controller found 'src\Controller\Logout' for path /logout
2021-11-18 16:07:47 - Controller found 'src\Controller\Login' for path /login
2021-11-18 16:07:49 - Controller found 'src\Controller\Form' for path /form
2021-11-18 16:07:50 - Controller found 'src\Controller\Query' for path /query
2021-11-18 16:07:51 - Controller found 'src\Controller\Info' for path /info
2021-11-18 16:09:29 - Controller found 'src\Controller\Info' for path /info
2021-11-18 16:09:39 - Controller found 'src\Controller\Home' for path /home
2021-11-18 16:09:40 - Controller found 'src\Controller\Info' for path /info
2021-11-18 16:09:40 - Controller found 'src\Controller\Query' for path /query
2021-11-18 16:09:41 - Controller found 'src\Controller\Form' for path /form
2021-11-18 16:09:42 - Controller found 'src\Controller\Pasdaccord' for path /pasdaccord
2021-11-18 16:09:44 - Controller found 'src\Controller\Register' for path /register
2021-11-18 16:09:48 - Controller found 'src\Controller\Register' for path /register
2021-11-18 16:09:48 - Controller found 'src\Controller\Login' for path /login
2021-11-18 16:09:54 - Controller found 'src\Controller\Login' for path /login
2021-11-18 16:09:57 - Controller found 'src\Controller\Query' for path /query
2021-11-18 16:09:58 - Controller found 'src\Controller\Info' for path /info
2021-11-18 16:09:58 - Controller found 'src\Controller\Home' for path /home
2021-11-18 16:09:59 - Controller found 'src\Controller\Register' for path /register
2021-11-18 16:10:00 - Controller found 'src\Controller\Pasdaccord' for path /pasdaccord
2021-11-18 16:10:05 - Controller found 'src\Controller\Pasdaccord' for path /pasdaccord
2021-11-18 16:10:07 - Controller found 'src\Controller\Login' for path /login
2021-11-18 16:11:04 - Controller found 'src\Controller\Register' for path /register
2021-11-18 16:11:37 - Controller found 'src\Controller\Login' for path /login
2021-11-18 16:11:44 - Controller found 'src\Controller\Login' for path /login
2021-11-18 16:11:47 - Controller found 'src\Controller\Login' for path /login
2021-11-18 16:12:42 - Controller found 'src\Controller\Login' for path /login
2021-11-18 16:12:44 - Controller found 'src\Controller\Register' for path /register
2021-11-18 16:12:50 - Controller found 'src\Controller\Register' for path /register
2021-11-18 16:12:50 - Controller found 'src\Controller\Login' for path /login
2021-11-18 16:12:56 - Controller found 'src\Controller\Login' for path /login
2021-11-18 16:12:58 - Controller found 'src\Controller\Pasdaccord' for path /pasdaccord
2021-11-18 16:13:01 - Controller found 'src\Controller\Pasdaccord' for path /pasdaccord
2021-11-18 16:13:03 - Controller found 'src\Controller\Login' for path /login
2021-11-18 16:13:10 - Controller found 'src\Controller\Login' for path /login
2021-11-18 16:13:18 - Controller found 'src\Controller\Login' for path /login
2021-11-18 16:13:24 - Controller found 'src\Controller\Login' for path /login
2021-11-18 16:13:27 - Controller found 'src\Controller\Pasdaccord' for path /pasdaccord
2021-11-18 16:13:27 - Controller found 'src\Controller\Pasdaccord' for path /pasdaccord
2021-11-18 16:13:30 - Controller found 'src\Controller\Pasdaccord' for path /pasdaccord
2021-11-18 16:14:40 - Controller found 'src\Controller\Register' for path /register
2021-11-18 16:14:50 - Controller found 'src\Controller\Register' for path /register
2021-11-18 16:14:50 - Controller found 'src\Controller\Login' for path /login
2021-11-18 16:14:58 - Controller found 'src\Controller\Login' for path /login
2021-11-18 16:15:05 - Controller found 'src\Controller\Pasdaccord' for path /pasdaccord
2021-11-18 16:15:09 - Controller found 'src\Controller\Pasdaccord' for path /pasdaccord
2021-11-18 16:17:28 - Controller found 'src\Controller\Logout' for path /logout
2021-11-18 16:18:06 - Controller found 'src\Controller\Login' for path /login
